2023-10-24T16:00:26-05:00


    Directory: D:\tmp


Mode                 LastWriteTime         Length Name                                                                 
----                 -------------         ------ ----                                                                 
d-----        2023-06-12     11:11                ApcInjection                                                         
d-----        2023-04-29     16:37                Auto-GPT-0.2.2                                                       
d-----        2023-03-17     11:49                bCryptAES                                                            
d-----        2023-06-14     16:43                Bring-Your-Own-Protocol-Handler                                      
d-----        2023-05-30     14:54                catzsec-ForceAdmin-v1.2.0-5-g813eb4a                                 
d-----        2023-06-13     12:47                CompileTimeApiHashing                                                
d-----        2023-03-08     00:56                Data                                                                 
d-----        2023-09-08     11:36                go-mimikatz                                                          
d-----        2023-06-14     16:53                HBP_RdpThief                                                         
d-----        2023-08-02     11:41                MifareOneTool                                                        
d-----        2023-09-07     19:06                mimi                                                                 
d-----        2023-06-20     21:02                PPidSpoofing                                                         
d-----        2023-07-07     13:41                PWND                                                                 
d-----        2023-03-08     00:56                Rc4                                                                  
d-----        2023-06-12     11:24                rclone-v1.62.2-windows-amd64                                         
d-----        2023-05-25     21:52                str                                                                  
d-----        2023-06-01     21:20                str2                                                                 
d-----        2023-03-08     00:56                TinyAes                                                              
d-----        2023-06-09     16:51                Win10SDK                                                             
d-----        2023-08-02     11:13                xM1-Plus-Tools                                                       
-a----        2023-03-07     16:43        8914944 000381-0111.bin                                                      
-a----        2023-05-18     15:00         988659 231-hw.zip                                                           
-a----        2023-07-03     18:09          49448 aar.html                                                             
-a----        2023-07-02     19:54           2856 aar.json                                                             
-a----        2023-05-17     17:41          18719 Aes.zip                                                              
-a----        2023-08-02     11:39           4069 Ancient_door.nfc                                                     
-a----        2023-08-29     18:50        2677142 Anyconnect.dmg                                                       
-a----        2023-06-12     11:11           5005 ApcInjection.zip                                                     
-a----        2023-08-04     15:40           3223 apiresolver.go                                                       
-a----        2023-04-24     21:28         406078 Auto-GPT-0.2.2.zip                                                   
-a----        2023-06-14     16:43          12445 Bring-Your-Own-Protocol-Handler.zip                                  
-a----        2023-06-16     14:50         721635 budapest.exe                                                         
-a----        2023-05-30     14:52        1859692 catzsec-ForceAdmin-v1.2.0-5-g813eb4a.zip                             
-a----        2023-06-05     16:31          91784 channel.json                                                         
-a----        2023-07-27     14:54        3538871 CheckPointVPN.exe                                                    
-a----        2023-07-27     14:53        3937078 CheckPointVPN.zip                                                    
-a----        2023-10-24     16:35        4872704 cnxupdater.exe                                                       
-a----        2023-06-13     12:47           5382 CompileTimeApiHashing.zip                                            
-a----        2023-08-29     09:48        5135648 darwin-osx                                                           
-a----        2023-05-17     13:47           3907 DataPayloadPlacement.zip                                             
-a----        2023-05-24     13:58             33 docrecs.txt                                                          
-a----        2023-09-07     21:50          31368 favorites_9_7_23.html                                                
-a----        2021-12-06     06:37          11156 g24qe-20.cat                                                         
-a----        2021-12-06     06:28           7004 G24qe-20.icm                                                         
-a----        2021-12-06     06:28           3263 G24qe-20.inf                                                         
-a----        2023-09-08     11:42        4231636 gmk.exe                                                              
-a----        2023-07-05     15:34        6944768 goshit.exe                                                           
-a----        2023-04-24     21:36             51 gptapi.txt                                                           
-a----        2023-06-14     16:52          21475 HBP_RdpThief.zip                                                     
-a----        2023-09-05     17:24        5514279 helix.exe                                                            
-a----        2023-06-16     21:02         138240 hello-x64.exe                                                        
-a----        2023-05-13     15:01            930 Hello.c                                                              
-a----        2023-10-07     15:08        1337344 helloworld.exe                                                       
-a----        2023-08-08     12:08        2511872 main_http.exe                                                        
-a----        2023-08-22     18:19            349 makefile                                                             
-a----        2023-09-07     19:02        1253993 mimi.zip                                                             
-a----        2021-08-10     11:22        1355680 mimikatz.exe                                                         
-a----        2023-06-09     11:37           4157 my_wc.c                                                              
-a----        2023-06-15     16:34           6005 my_wc2.c                                                             
-a----        2023-07-25     16:22          47502 new_aar.html                                                         
-a----        2023-10-07     15:18        1969664 o.exe                                                                
-a----        2023-09-20     23:41        5829394 out.pdf                                                              
-a----        2023-08-29     18:51        4855053 payloads.zip                                                         
-a----        2023-05-24     12:54            308 peer-KrakenTower-wg0-5.conf                                          
-a----        2023-05-31     15:36        1305600 pgshell.exe                                                          
-a----        2023-06-20     21:02           5215 PPidSpoofing.zip                                                     
-a----        2023-07-03     17:09            365 projects.json                                                        
-a----        2023-05-13     15:19          16104 q2                                                                   
-a----        2023-05-13     15:24            561 q2.c                                                                 
-a----        2023-05-17     17:37          11397 Rc4.zip                                                              
-a----        2023-06-12     11:23       17648040 rclone-v1.62.2-windows-amd64.zip                                     
-a----        2023-07-07     13:33            984 role-policy.json                                                     
-a----        2023-10-10     19:36        4455464 setupapi.dll                                                         
-a----        2023-05-25     11:22        2272768 shell0.exe                                                           
-a----        2023-05-30     10:45        2342912 shell1.exe                                                           
-a----        2023-05-30     15:14        6403072 shell2.exe                                                           
-a----        2023-07-07     13:19            201 skillslab-ben-winwrkstn.json                                         
-a----        2023-08-07     12:33            193 slimport.json                                                        
-a----        2023-06-23     13:57           2084 smug.html                                                            
-a----        2023-06-23     14:14          19422 smugtemplate.html                                                    
-a----        2023-06-24     21:56       57191792 Sonos_73.0-42060.exe                                                 
-a----        2023-09-16     18:14        5549056 spectre.exe                                                          
-a----        2023-06-19     12:47        7149852 srings1.txt                                                          
-a----        2023-06-19     12:46         116784 strings0.txt                                                         
-a----        2023-10-24     16:56        4872704 stub_gen.exe                                                         
-a----        2023-07-03     18:10           5267 style.css                                                            
-a----        2023-09-28     22:16        6960128 test.exe                                                             
-a----        2023-07-03     16:43            299 users.json                                                           
-a----        2023-06-05     16:26        3779824 vs_BuildTools.exe                                                    
-a----        2023-06-09     16:44        1377584 winsdksetup.exe                                                      
-a----        2023-10-07     15:04        5362176 xShell.exe                                                           
-a----        2023-08-29     18:48        5374848 xShellosx                                                            



